[15/4/2022 23:21:11] /monster demodras
[16/4/2022 0:23:14] /reload all
[16/4/2022 0:24:0] /wp
[16/4/2022 0:24:24] /goto olimpo
[16/4/2022 0:25:4] /goto olimpo1
[16/4/2022 0:25:7] /goto olimpo2
[16/4/2022 0:32:52] /goto olimpo3
[16/4/2022 0:36:57] /i 11759
[16/4/2022 0:37:2] /i 11759
[16/4/2022 0:37:23] /i 11773
[16/4/2022 1:39:5] /reload outfit
[16/4/2022 1:44:59] /reload outfits
[16/4/2022 1:45:30] /reload outfits
[16/4/2022 1:53:29] /town 9
[16/4/2022 2:18:56] /i lamp
[16/4/2022 9:17:10] /reload creaturescript
[16/4/2022 11:21:26] /i backpack
[16/4/2022 11:21:32] /i 2160
[16/4/2022 11:21:35] /i 2160
[16/4/2022 11:21:36] /i 2160
[16/4/2022 11:21:37] /i 2160
[16/4/2022 11:22:3] /i magic sword
[16/4/2022 11:22:30] /i sword
[16/4/2022 21:44:46] /goto merlin
[16/4/2022 21:45:14] /r
[16/4/2022 22:1:51] /goto Morpheus
[17/4/2022 11:45:57] /i 13262
[17/4/2022 14:29:17] /i 13009
[17/4/2022 14:36:49] /i 2160
[17/4/2022 15:19:43] /m hydra
[17/4/2022 15:26:55] /reload monster
[17/4/2022 15:27:0] /m Elder Demon
[17/4/2022 15:27:39] /m Tutankhamon
[17/4/2022 15:29:51] /reload monster
[17/4/2022 15:29:57] /m Doom Deer
[17/4/2022 15:44:43] /m miguelito
[17/4/2022 15:46:22] /i 2767
[17/4/2022 15:46:26] /i 2767
[17/4/2022 15:46:32] /m miguelito
[17/4/2022 15:47:42] /i vampire gloves
[17/4/2022 15:47:50] /i vampire glove
[17/4/2022 15:48:17] /i sword
[17/4/2022 15:49:30] /m rotworm
[17/4/2022 16:57:14] /m elder demon
[17/4/2022 16:57:42] /remove
[17/4/2022 17:1:15] /save
[17/4/2022 17:4:10] /m infernal demon
[17/4/2022 17:4:40] /r
[17/4/2022 17:7:35] /m Vampire Pig
[17/4/2022 17:14:42] /reload weapons
[17/4/2022 17:14:47] /i 13185
[17/4/2022 17:14:52] /m satan
[17/4/2022 17:15:47] /i 13185
[17/4/2022 17:15:53] /m demon
[17/4/2022 17:16:51] /i 13186
[17/4/2022 17:17:0] /i backpack
[17/4/2022 17:17:7] /i 13186
[17/4/2022 17:17:22] /i arrow
[17/4/2022 17:17:53] /i 13186
[17/4/2022 17:18:2] /i 13185
[17/4/2022 17:30:34] /m demon
[17/4/2022 17:33:21] /i 13186
[17/4/2022 20:9:29] /goto infernus
[17/4/2022 20:9:39] /r
[17/4/2022 20:9:41] /goto infernus
[17/4/2022 20:9:49] /r
[17/4/2022 20:9:52] /goto infernus
[17/4/2022 20:9:57] /r
[17/4/2022 20:10:0] /goto infernus
[17/4/2022 20:10:6] /goto infernus
[17/4/2022 20:10:11] /r
[17/4/2022 20:10:13] /goto infernus
[17/4/2022 20:10:18] /r
[17/4/2022 20:10:19] /goto infernus
[17/4/2022 20:10:33] /goto infernus
[17/4/2022 20:10:44] /r
[17/4/2022 20:10:47] /r
[17/4/2022 20:10:49] /goto infernus
[17/4/2022 20:10:57] /r
[17/4/2022 20:11:0] /goto infernus
[17/4/2022 20:11:4] /r
[17/4/2022 20:11:5] /goto infernus
[18/4/2022 19:19:50] /town
[18/4/2022 19:19:56] /town 9
[18/4/2022 19:20:46] /i 2160, 1000
[18/4/2022 19:20:55] /i 2160 
[18/4/2022 19:26:52] /reload items
[18/4/2022 19:33:10] /i demon legs
[18/4/2022 19:33:37] /c Morpheus
[18/4/2022 19:33:58] /i fire elemental
[18/4/2022 19:34:4] /m fire elemenat
[18/4/2022 19:34:8] /m fire elemental
[18/4/2022 19:35:48] /i demon helment
[18/4/2022 19:35:53] /i demon helment
[18/4/2022 19:35:58] /i demon armor
[18/4/2022 19:36:8] /i demon helmet
[18/4/2022 19:36:31] /m fire elemental
[18/4/2022 19:39:28] /i 16149
[18/4/2022 19:39:34] /i 16149
[18/4/2022 19:39:35] /i 16149
[18/4/2022 19:39:37] /i 16149
[18/4/2022 19:41:46] /reload action
[18/4/2022 19:42:2] /i 16149
[18/4/2022 19:42:4] /i 16149
[18/4/2022 19:42:5] /i 16149
[18/4/2022 19:42:45] /i 16157
[18/4/2022 19:42:54] /i 16157
[18/4/2022 20:0:17] /i 16157
[18/4/2022 20:42:14] /goto sorairei
[18/4/2022 20:44:44] /m ferumbrasx
[18/4/2022 22:38:25] /newtype 778
[18/4/2022 22:51:1] /newtype 778
[18/4/2022 22:52:14] /reload outfits
[18/4/2022 22:58:36] /newtype 879
[18/4/2022 22:58:42] /newtype 20
[18/4/2022 23:1:22] /s 2
[18/4/2022 23:1:26] /s 1
[18/4/2022 23:7:49] /x 326
[18/4/2022 23:7:59] /x 326, 4
[18/4/2022 23:8:7] /x 326
[18/4/2022 23:27:1] /reload spells
[18/4/2022 23:27:57] /reload spells
[18/4/2022 23:29:41] /goto olimpo 1
[18/4/2022 23:29:44] /goto olimpo1
[18/4/2022 23:29:46] /goto olimpo2
[18/4/2022 23:29:50] /goto olimpo3
[18/4/2022 23:29:58] /town 18
[18/4/2022 23:30:1] /town 17
[18/4/2022 23:30:13] /town 7
[18/4/2022 23:30:17] /town 9
[19/4/2022 18:48:11] /goto Duende Malvado
[19/4/2022 18:54:20] /town 9
[19/4/2022 18:55:31] /c duende malvado
[19/4/2022 19:35:1] /x 12
[19/4/2022 19:35:13] /x 13
[19/4/2022 19:36:1] /x 12
[19/4/2022 19:36:5] /x 12
[19/4/2022 19:36:7] /x 12
[19/4/2022 20:27:24] /x 115
[19/4/2022 20:31:47] /x 115
[19/4/2022 20:41:18] /x 115
[20/4/2022 19:9:48] /i 7365
[20/4/2022 19:23:8] /i 
[20/4/2022 19:23:25] /i 16056
[20/4/2022 19:23:32] /i 16057
[20/4/2022 19:23:39] /i 16055
[20/4/2022 19:25:11] /i 8928
[20/4/2022 19:25:36] /i 8931
[20/4/2022 19:25:46] /i 8932
[20/4/2022 19:25:53] /i 8933
[20/4/2022 19:26:6] /i 8930
[20/4/2022 19:26:25] /i 8929
[20/4/2022 19:26:27] /i 8929
[20/4/2022 19:26:30] /i 8928
[20/4/2022 19:26:33] /i 8927
[20/4/2022 19:36:57] /i cobra wands
[20/4/2022 19:37:0] /i cobra wands
[20/4/2022 19:37:2] /i cobra wand
[20/4/2022 19:40:43] /reload weapons
[20/4/2022 19:42:17] /i 12892
[20/4/2022 19:48:30] /i 1738
[20/4/2022 20:35:49] /i 7889
[20/4/2022 20:45:4] /i 9179
[20/4/2022 20:45:27] /i 9178
[20/4/2022 20:45:33] /i 9175
[20/4/2022 20:45:41] /i 9178
[20/4/2022 20:59:25] /i 9165
[20/4/2022 21:0:19] /reload actions
[20/4/2022 21:12:10] /reload movements
[20/4/2022 21:26:8] /goto sorairei
[20/4/2022 22:3:56] /goto sorairei
[20/4/2022 22:4:25] /down
[20/4/2022 22:4:27] /down
[20/4/2022 22:4:29] /down
[20/4/2022 22:12:20] /m infernuas
[20/4/2022 22:12:24] /m infernus
[20/4/2022 22:12:42] /i bolt
[20/4/2022 22:13:14] /r
[20/4/2022 22:13:15] /r
[20/4/2022 22:13:26] /c morpheus
[21/4/2022 20:34:52] /i 30043
[21/4/2022 20:35:13] /i mead
[21/4/2022 20:37:54] /i 30043
[21/4/2022 20:38:33] /i 30001
[21/4/2022 20:39:9] /i 11683
[21/4/2022 20:42:36] /i 11759
[21/4/2022 20:43:29] /i 7720
[21/4/2022 20:45:10] /i 12348
[21/4/2022 21:15:49] /i 2270
[21/4/2022 21:31:29] /m Leo Nidas
[21/4/2022 21:38:58] /m Deepling Spellsinge
[22/4/2022 15:55:8] /up
[22/4/2022 15:55:12] /up
[22/4/2022 15:59:49] /goto
[22/4/2022 15:59:53] /wp
[22/4/2022 16:0:1] /wp Anni5
[22/4/2022 16:1:38] /wp
[22/4/2022 16:1:49] /goto Anni5
[22/4/2022 16:2:9] /wp
[22/4/2022 16:2:21] /goto poi room
[22/4/2022 16:4:31] /addskill dinoxx, magiclevel ,100
[22/4/2022 16:4:54] /addskill dinnoxx, level, 400
[22/4/2022 16:5:1] /addskill dinoxx, level, 400
[22/4/2022 16:5:4] /addskill dinoxx, level, 400
[22/4/2022 16:5:18] /addskill dinoxx, magic, 400
[22/4/2022 16:5:27] /addskill dinoxx, magic level, 100
[22/4/2022 16:5:37] /addskill dinoxx, magiclevel, 100
[22/4/2022 16:6:54] /addskill dinoxx, magiclevel, 100
[22/4/2022 16:6:59] /goto poi
[22/4/2022 16:7:1] /goto poi 1
[22/4/2022 16:7:4] /wp
[22/4/2022 16:7:18] /goto anni4
[22/4/2022 16:8:19] /goto poi1
[22/4/2022 16:8:22] /goto poi 1
[22/4/2022 16:8:24] /wp 
[22/4/2022 16:8:37] /goto Poi 2
[22/4/2022 20:58:11] /m treiner
[22/4/2022 20:58:15] /m trainer
[22/4/2022 21:46:37] /m morgaroth
[22/4/2022 21:48:31] /reload mosnter
[22/4/2022 21:48:37] /reload monsters
[22/4/2022 21:48:42] /m morgaroth
[22/4/2022 21:50:50] /reload monsters
[22/4/2022 21:50:54] /m morgaroth
[22/4/2022 21:53:8] /addskill morpheus, level, 300
[22/4/2022 21:57:58] /i 7720
[22/4/2022 21:59:45] /addskill morpheus, level, 300
[22/4/2022 21:59:46] /addskill morpheus, level, 300
[22/4/2022 21:59:47] /addskill morpheus, level, 300
[22/4/2022 21:59:48] /addskill morpheus, level, 300
[22/4/2022 22:0:58] /addskill morpheus, level, 300
[22/4/2022 22:0:59] /addskill morpheus, level, 300
[22/4/2022 22:1:0] /addskill morpheus, level, 300
[22/4/2022 22:1:1] /addskill morpheus, level, 300
[22/4/2022 22:1:2] /addskill morpheus, level, 300
[22/4/2022 22:1:3] /addskill morpheus, level, 300
[22/4/2022 22:1:4] /addskill morpheus, level, 300
[22/4/2022 22:3:33] /clean
[22/4/2022 22:23:2] /i 16947
[22/4/2022 22:24:8] /i 16953
[22/4/2022 22:24:37] /i 2160
[22/4/2022 22:24:39] /i 2160
[22/4/2022 22:24:55] /i 16952
[22/4/2022 22:24:59] /i 16951
[22/4/2022 22:25:1] /i 16951
[22/4/2022 22:25:4] /i 16950
[22/4/2022 22:25:9] /i 16949
[22/4/2022 22:25:50] /i 16947
[22/4/2022 22:25:53] /i 16946
[22/4/2022 22:25:54] /i 16945
[22/4/2022 22:25:57] /i 16944
[22/4/2022 22:25:59] /i 16943
[22/4/2022 22:26:1] /i 16942
[22/4/2022 22:26:3] /i 16942
[22/4/2022 22:26:13] /i 16941
[22/4/2022 22:26:15] /i 16940
[22/4/2022 22:26:19] /i 16939
[22/4/2022 22:26:23] /i 16939
[22/4/2022 22:26:32] /i 16938
[22/4/2022 22:26:58] /i 16937
[22/4/2022 22:27:0] /i 16936
[22/4/2022 22:27:4] /i 16934
[22/4/2022 22:27:16] /i 16933
[22/4/2022 22:27:18] /i 16932
[22/4/2022 22:27:20] /i 16931
[22/4/2022 22:27:30] /i 16930
[22/4/2022 22:27:35] /i 16930
[22/4/2022 22:27:41] /i 16929
[22/4/2022 22:27:44] /i 16928
[22/4/2022 22:27:52] /i 16927
[22/4/2022 22:27:57] /i 16926
[22/4/2022 22:28:3] /i 16925
[22/4/2022 22:28:8] /i 16924
[22/4/2022 22:28:15] /i 16923
[22/4/2022 22:28:18] /i 16922
[22/4/2022 22:28:21] /i 16921
[22/4/2022 22:28:31] /i 16920
[22/4/2022 22:28:38] /i 16919
[22/4/2022 22:28:40] /i 16918
[22/4/2022 22:28:43] /i 16917
[22/4/2022 22:28:45] /i 16916
[22/4/2022 22:29:3] /i 16915
[22/4/2022 22:29:13] /i 16914
[22/4/2022 22:29:15] /i 16913
[22/4/2022 22:29:17] /i 16913
[22/4/2022 22:29:19] /i 16912
[22/4/2022 22:29:21] /i 16911
[22/4/2022 22:29:31] /i 16910
[22/4/2022 22:29:36] /i 16909
[22/4/2022 22:29:47] /i 16908
[22/4/2022 22:29:52] /i 16907
[22/4/2022 22:30:7] /i 16906
[22/4/2022 22:30:9] /i 16905
[22/4/2022 22:30:29] /i 16904
[22/4/2022 22:30:33] /i 16903
[22/4/2022 22:30:39] /i 16902
[22/4/2022 22:30:44] /i 16902
[22/4/2022 22:30:46] /i 16901
[22/4/2022 22:30:57] /i 16899
[22/4/2022 22:31:3] /i 16898
[22/4/2022 22:31:9] /i 16897
[22/4/2022 22:31:15] /i 16896
[22/4/2022 22:31:17] /i 16895
[22/4/2022 22:31:19] /i 16894
[22/4/2022 22:31:44] /i 16893
[22/4/2022 22:31:46] /i 16892
[22/4/2022 22:31:48] /i 16891
[22/4/2022 22:32:1] /i 16890
[22/4/2022 22:32:9] /i 16889
[22/4/2022 22:32:15] /i 16888
[22/4/2022 22:32:21] /i 16887
[22/4/2022 22:32:29] /i 16886
[22/4/2022 22:32:43] /i 16885
[22/4/2022 22:32:45] /i 16884
[22/4/2022 22:32:55] /i 16883
[22/4/2022 22:33:3] /i 16882
[22/4/2022 22:33:11] /i 16881
[22/4/2022 22:33:16] /i 16880
[22/4/2022 22:33:25] /i 16879
[22/4/2022 22:33:37] /i 16878
[22/4/2022 22:33:43] /i 16877
[22/4/2022 22:33:55] /i 16876
[22/4/2022 22:34:2] /i 16875
[22/4/2022 22:34:8] /i 16874
[22/4/2022 22:34:26] /i 16873
[22/4/2022 22:34:28] /i 16872
[22/4/2022 22:34:30] /i 16871
[22/4/2022 22:34:39] /i 16870
[22/4/2022 22:34:49] /i 16869
[22/4/2022 22:37:37] /i 16868
[22/4/2022 22:37:40] /i 16867
[22/4/2022 22:37:42] /i 16866
[22/4/2022 22:37:44] /i 16865
[22/4/2022 22:37:46] /i 16864
[22/4/2022 22:37:47] /i 16863
[22/4/2022 22:38:50] /i 16862
[22/4/2022 22:38:51] /i 16861
[22/4/2022 22:38:54] /i 16860
[22/4/2022 22:39:25] /i 16859
[22/4/2022 22:39:27] /i 16858
[22/4/2022 22:39:30] /i 16857
[22/4/2022 22:57:58] /i magic sword
[22/4/2022 22:58:31] /i pure energy
[22/4/2022 22:58:32] /i pure energy
[22/4/2022 22:58:33] /i pure energy
[22/4/2022 22:58:35] /i pure energy
[22/4/2022 22:58:36] /i pure energy
[22/4/2022 22:59:7] /i pure energy
[22/4/2022 22:59:20] /i pure energy
[22/4/2022 22:59:21] /i pure energy
[22/4/2022 22:59:21] /i pure energy
[22/4/2022 22:59:21] /i pure energy
[22/4/2022 22:59:21] /i pure energy
[22/4/2022 22:59:21] /i pure energy
[22/4/2022 22:59:22] /i pure energy
[22/4/2022 22:59:22] /i pure energy
[22/4/2022 22:59:22] /i pure energy
[22/4/2022 22:59:22] /i pure energy
[22/4/2022 22:59:23] /i pure energy
[22/4/2022 22:59:23] /i pure energy
[22/4/2022 22:59:23] /i pure energy
[22/4/2022 22:59:27] /i pure energy
[22/4/2022 22:59:27] /i pure energy
[22/4/2022 22:59:27] /i pure energy
[22/4/2022 22:59:27] /i pure energy
[22/4/2022 22:59:28] /i pure energy
[22/4/2022 22:59:28] /i pure energy
[22/4/2022 22:59:28] /i pure energy
[22/4/2022 22:59:41] /i pure energy
[22/4/2022 23:0:41] /i 8300
[22/4/2022 23:0:54] /i 8305
[23/4/2022 18:47:0] /r
[23/4/2022 19:16:40] /m demon, 100
[23/4/2022 19:19:56] /clean
[23/4/2022 19:22:34] /i bolts
[23/4/2022 19:22:49] /m trainer
[23/4/2022 20:5:59] /n Arthur The Tamer
[23/4/2022 20:6:28] /n Pet-trainer
[23/4/2022 20:8:44] /n Arthur
[23/4/2022 20:9:23] /n AntriCristus XVI
[23/4/2022 20:9:35] /n papa
[23/4/2022 20:9:59] /n padre marcelo
[23/4/2022 20:11:9] /n Pet trainer
[23/4/2022 20:20:47] /n Pet trainer
[23/4/2022 20:26:24] /n petTreiner
[23/4/2022 20:26:52] /n Pet trainer
[23/4/2022 20:28:12] /m rat
[23/4/2022 20:33:26] /n Pet Trainer
[23/4/2022 20:34:5] /m demon
[23/4/2022 20:37:8] /n pet treiner
[23/4/2022 20:37:13] /n pet trainer
[23/4/2022 20:38:26] /m cave rat
[23/4/2022 21:3:1] /n pet trainer
[23/4/2022 21:10:29] /n pet trainer
[23/4/2022 21:11:14] /m rat
[23/4/2022 21:15:4] /m trainer
[23/4/2022 21:21:54] /npc pet treiner
[23/4/2022 21:21:58] /npc pet trainer
[23/4/2022 21:25:27] /m miguelito
[23/4/2022 21:33:48] /npc pet trainer
[23/4/2022 21:34:50] /reload monster
[23/4/2022 21:43:35] /npc pet trainer
[23/4/2022 21:46:42] /m trainer
[23/4/2022 21:50:3] /m miguelito
[23/4/2022 21:50:39] /m miguelito
[23/4/2022 21:50:54] /m miguelito
[23/4/2022 21:52:24] /r
[23/4/2022 21:56:10] /newtype 500
[23/4/2022 21:57:25] /reload outfits
[23/4/2022 21:59:2] /c morpheo
[23/4/2022 22:26:14] /c miercoles
[23/4/2022 22:47:40] /c domingo
[23/4/2022 22:59:3] /reload actions
[23/4/2022 22:59:59] /reload actions
[23/4/2022 23:1:17] /reload actions
[23/4/2022 23:5:37] /reload actions
[23/4/2022 23:6:4] /reload actions
[23/4/2022 23:7:1] /reload actions
[23/4/2022 23:13:44] /reload actions
[23/4/2022 23:14:56] /town 6
[23/4/2022 23:14:58] /town 5
[23/4/2022 23:15:39] /c lunes
[23/4/2022 23:15:42] /c jueves
[23/4/2022 23:17:16] /reload actions
[23/4/2022 23:19:41] /reload actions
[23/4/2022 23:22:1] /reload actions
[23/4/2022 23:28:24] /reload actions
[23/4/2022 23:29:6] /reload actions
[23/4/2022 23:29:15] /c jueves
[23/4/2022 23:38:56] /reload actions
[23/4/2022 23:39:20] /c jueves
[23/4/2022 23:40:10] /i 2160
[23/4/2022 23:42:2] /i 2160
[23/4/2022 23:42:15] /r
[23/4/2022 23:42:37] /r
[23/4/2022 23:42:42] /c viernes
[23/4/2022 23:43:51] /i 5917
[23/4/2022 23:43:59] /i 5917
[23/4/2022 23:46:1] /reload actions
[23/4/2022 23:47:27] /reload actions
[23/4/2022 23:47:54] /c viernes
[23/4/2022 23:53:9] /reload actions
[23/4/2022 23:53:41] /reload actions
[23/4/2022 23:54:10] /reload actions
[23/4/2022 23:54:31] /reload actions
[23/4/2022 23:54:44] /c viernes
[23/4/2022 23:54:49] /c sabado
[23/4/2022 23:55:45] /goto envo
[24/4/2022 0:2:35] /r
[24/4/2022 0:2:39] /goto envo
[24/4/2022 0:2:42] /r
[24/4/2022 0:2:43] /goto envo
[24/4/2022 0:2:55] /up
[24/4/2022 0:10:52] /raid azerus
[24/4/2022 0:10:54] /raid azerus
[24/4/2022 0:10:55] /raid azerus
[24/4/2022 0:10:55] /raid azerus
[24/4/2022 0:10:56] /raid azerus
[24/4/2022 0:10:57] /raid azerus
[24/4/2022 0:12:33] /reload raids
[24/4/2022 0:12:36] /raid azerus
[24/4/2022 0:12:48] /raid verminor
[24/4/2022 0:13:16] /goto azerus
[24/4/2022 0:14:11] /i chest
[24/4/2022 0:14:28] /addskill
[24/4/2022 0:16:13] /reload actions
[24/4/2022 0:18:14] /c morpheus
[24/4/2022 0:20:16] /reload actions
[24/4/2022 0:20:37] /i 9777
[24/4/2022 0:20:40] /i 9776
[24/4/2022 0:20:44] /i 9778
[24/4/2022 0:20:52] /c sabado
[24/4/2022 0:21:0] /i backpack
[24/4/2022 0:21:15] /clean
[24/4/2022 0:21:29] /i chest
[24/4/2022 0:21:46] /attr uid, 30030
[24/4/2022 0:21:59] /attr uid 30030
[24/4/2022 0:22:4] /attr uid 30030
[24/4/2022 0:22:52] /goto azerus
[24/4/2022 0:24:34] /i sword
[24/4/2022 0:25:16] /attr set number attack 999999999
[24/4/2022 0:26:56] /up
[24/4/2022 0:28:58] /town 9
[24/4/2022 0:31:41] /r
[24/4/2022 0:31:43] /r
[24/4/2022 0:37:31] /goto sorairei
[24/4/2022 15:46:58] /town 9
[24/4/2022 16:20:18] /reload config
[24/4/2022 16:20:34] /reload config
[24/4/2022 16:22:36] /reload config
[24/4/2022 16:23:32] /reload config
[24/4/2022 16:23:41] /reload config
[24/4/2022 16:37:2] /town 5
[24/4/2022 16:37:29] /town 5
[24/4/2022 16:37:43] /goto infernus
[24/4/2022 16:37:48] /r
[24/4/2022 16:37:50] /r
[24/4/2022 16:37:52] /goto infernus
[24/4/2022 16:38:0] /r
[24/4/2022 16:38:4] /goto infernus
[24/4/2022 16:59:10] /i backpack
[24/4/2022 17:4:44] /i 1945
[24/4/2022 17:4:50] /remove
[24/4/2022 17:52:24] /m deamon
[24/4/2022 17:52:29] /m demon
[24/4/2022 17:52:31] /m demon
[24/4/2022 17:52:31] /m demon
[24/4/2022 17:52:32] /m demon
[24/4/2022 17:52:33] /m demon
[24/4/2022 17:52:33] /m demon
[24/4/2022 17:52:34] /m demon
[24/4/2022 17:52:36] /m demon
[24/4/2022 17:52:36] /m demon
[24/4/2022 17:55:1] /goto envo
[24/4/2022 18:6:13] /m  vermino
[24/4/2022 18:6:41] /m verminor
[24/4/2022 18:22:54] /goto verminor
[24/4/2022 18:24:53] /goto verminor
[24/4/2022 18:25:25] /goto verminor
[24/4/2022 18:25:26] /goto verminor
[24/4/2022 18:32:16] /m Holramo
[24/4/2022 18:34:57] /m Collossus Frost
[24/4/2022 18:35:35] /m Ancient Dragon
[24/4/2022 18:36:23] /m aqdon
[24/4/2022 19:25:5] /attr set number attack 9999999999
[24/4/2022 19:32:55] /attr set number attack 999999
[24/4/2022 19:33:1] /attr set number attack 999999
[24/4/2022 19:33:5] /attr set number attack 99999
[24/4/2022 19:36:30] /m fezarus
[24/4/2022 19:36:47] /m demonfrost
[24/4/2022 19:38:50] /m demonfrost
[24/4/2022 19:39:18] /m Massive Demon Frost
[24/4/2022 19:40:3] /m Ice Overlord
[24/4/2022 19:40:51] /m Xenia
[24/4/2022 19:50:49] /attr set number attack 999999
[24/4/2022 19:58:30] /town 9 
[24/4/2022 20:2:5] /c lunes
[24/4/2022 20:3:43] /town 
[24/4/2022 20:3:46] /town 9
[24/4/2022 20:3:55] /c lunes
[24/4/2022 20:5:43] /addskill level 300
[24/4/2022 20:6:7] /addskill lunes, level, 1
[24/4/2022 20:6:8] /addskill lunes, level, 1
[24/4/2022 20:6:9] /addskill lunes, level, 1
[24/4/2022 20:6:10] /addskill lunes, level, 1
[24/4/2022 20:6:24] /addskill lunes, level, 300
[24/4/2022 20:6:55] /addskill lunes, level, 300
[24/4/2022 20:7:12] /i sword
[24/4/2022 20:7:34] /m treiner
[24/4/2022 20:7:40] /m trainer
[24/4/2022 20:7:46] /i axe
[24/4/2022 20:8:15] /addskill lunes, level, 3
[24/4/2022 20:8:41] /addskill lunes, sword , 100
[24/4/2022 20:8:59] /i magic sword
[24/4/2022 20:9:50] /addskill lunes, level, 1
[24/4/2022 20:11:21] /reload config
[24/4/2022 20:11:44] /r
[24/4/2022 20:11:51] /m trainer
[24/4/2022 20:12:0] /addskill lunes, level, 1
[24/4/2022 20:12:37] /addskill lunes, level, 1
[24/4/2022 20:15:27] /reload spells
[24/4/2022 20:16:7] /addskill lunes, level, 1
[24/4/2022 20:17:15] /i 2061
[24/4/2022 20:17:28] /i 2060
[24/4/2022 20:17:39] /i 2160
[24/4/2022 20:17:46] /c jopsue
[24/4/2022 20:17:50] /c josue
[24/4/2022 20:17:54] /c lunes
[24/4/2022 20:20:42] /m demon
[24/4/2022 20:22:12] /reload config
[24/4/2022 20:22:15] /m demon
[24/4/2022 20:22:59] /m demon
[24/4/2022 20:23:33] /c lunes
[24/4/2022 20:25:12] /addskill dinoxx, magic, 1
[24/4/2022 20:25:15] /addskill dinoxx, magic, 100
[24/4/2022 20:25:52] /addskill dinoxx, level, 400
[24/4/2022 20:26:7] /addskill dinoxx, magic, 1
[24/4/2022 20:26:12] /addskill dinoxx, magic, 1
[24/4/2022 20:26:52] /addskill dinoxx, magic, 1
[24/4/2022 20:29:43] /c josue
[24/4/2022 20:29:52] /m dragon frost
[24/4/2022 20:29:55] /m dragon
[24/4/2022 20:30:17] /m dracola
[24/4/2022 20:30:40] /r
[24/4/2022 20:37:36] /reload action
[24/4/2022 20:38:16] /reload config
[24/4/2022 20:38:42] /reload config
[24/4/2022 20:39:6] /reload config
[24/4/2022 20:39:26] /reload action
[24/4/2022 20:39:57] /reload config
[24/4/2022 20:40:31] /reload config
[24/4/2022 20:41:9] /m dracola
[24/4/2022 20:42:37] /r
[24/4/2022 20:43:52] /i 15981
[24/4/2022 20:44:17] /i 16981
[24/4/2022 20:44:33] /i 15775
[24/4/2022 20:44:45] /i 16771
[24/4/2022 20:44:52] /i 16772
[24/4/2022 20:44:59] /i 16773
[24/4/2022 20:45:4] /i 16800
[24/4/2022 20:45:12] /i 16900
[24/4/2022 20:45:18] /i 16950
[24/4/2022 20:45:22] /i 16951
[24/4/2022 20:45:29] /i 16941
[24/4/2022 20:45:38] /i 16945
[24/4/2022 20:45:45] /i 16940
[24/4/2022 20:45:50] /i 16939
[24/4/2022 20:46:16] /i 16931
[24/4/2022 20:46:18] /i 16932
[24/4/2022 20:46:21] /i 16933
[24/4/2022 20:46:23] /i 16934
[24/4/2022 20:46:25] /i 16935
[24/4/2022 20:46:28] /i 16936
[24/4/2022 20:46:35] /i 16937
[24/4/2022 20:46:38] /i 16938
[24/4/2022 20:46:40] /i 16939
[24/4/2022 20:46:43] /i 16942
[24/4/2022 20:47:5] /i 16944
[24/4/2022 20:47:8] /i 16945
[24/4/2022 20:47:9] /i 16946
[24/4/2022 20:47:11] /i 16949
[24/4/2022 20:47:14] /i 16947
[24/4/2022 20:48:9] /i 16500
[24/4/2022 20:48:15] /i 16300
[24/4/2022 20:48:20] /i 16200
[24/4/2022 20:48:27] /i 16100
[24/4/2022 20:48:49] /i 16101
[24/4/2022 20:48:52] /i 16150
[24/4/2022 20:48:58] /i 16151
[24/4/2022 20:49:2] /i 16160
[24/4/2022 20:49:6] /i 16161
[24/4/2022 20:49:27] /i 1350
[24/4/2022 20:49:30] /i 13500
[24/4/2022 20:49:37] /i 13501
[24/4/2022 20:53:33] /i 13501
[24/4/2022 20:53:36] /reload item
[24/4/2022 20:53:57] /r
[24/4/2022 20:54:2] /r
[24/4/2022 20:54:20] /i 16947
[24/4/2022 20:56:1] /i 12668
[24/4/2022 20:56:30] /i 12669
[24/4/2022 20:56:34] /i 12670
[24/4/2022 20:56:37] /i 12671
[24/4/2022 20:56:40] /i 12675
[24/4/2022 20:56:43] /i 12675
[24/4/2022 20:56:44] /i 12677
[24/4/2022 20:56:48] /i 12700
[24/4/2022 20:57:1] /i 12701
[24/4/2022 20:57:4] /i 12702
[24/4/2022 20:57:7] /i 12703
[24/4/2022 20:57:11] /i 12704
[24/4/2022 20:57:14] /i 12705
[24/4/2022 20:57:18] /i 1260
[24/4/2022 20:57:24] /i 12700
[24/4/2022 20:57:31] /i 12800
[24/4/2022 20:57:38] /i 12801
[24/4/2022 20:57:40] /i 12802
[24/4/2022 20:57:43] /i 12803
[24/4/2022 20:57:55] /i 12804
[24/4/2022 20:57:59] /i 1285
[24/4/2022 20:58:3] /i 12850
[24/4/2022 20:58:6] /i 12851
[24/4/2022 20:58:10] /i 12853
[24/4/2022 20:58:13] /i 12855
[24/4/2022 20:58:16] /i 12858
[24/4/2022 20:58:21] /i 12870
[24/4/2022 20:58:23] /i 12871
[24/4/2022 20:58:25] /i 12872
[24/4/2022 20:58:27] /i 12873
[24/4/2022 20:58:31] /i 12874
[24/4/2022 20:58:37] /i 12875
[24/4/2022 20:58:39] /i 12876
[24/4/2022 20:58:43] /i 12879
[24/4/2022 20:58:46] /i 1289
[24/4/2022 20:58:49] /i 12890
[24/4/2022 20:59:15] /i 128911
[24/4/2022 20:59:21] /i 12892
[24/4/2022 20:59:24] /i 12893
[24/4/2022 20:59:27] /i 12894
[24/4/2022 20:59:30] /i 12895
[24/4/2022 20:59:33] /i 12896
[24/4/2022 20:59:36] /i 12897
[24/4/2022 20:59:38] /i 12898
[24/4/2022 20:59:41] /i 12899
[24/4/2022 20:59:44] /i 12900
[24/4/2022 20:59:47] /i 12901
[24/4/2022 20:59:50] /i 12903
[24/4/2022 20:59:52] /i 12904
[24/4/2022 20:59:55] /i 12905
[24/4/2022 21:0:4] /i 12906
[24/4/2022 21:0:7] /i 12907
[24/4/2022 21:0:12] /i 12909
[24/4/2022 21:0:16] /i 129010
[24/4/2022 21:0:19] /i 12910
[24/4/2022 21:0:21] /i 12911
[24/4/2022 21:0:23] /i 12913
[24/4/2022 21:0:26] /i 12915
[24/4/2022 21:0:29] /i 12920
[24/4/2022 21:0:33] /i 12921
[24/4/2022 21:0:35] /i 12922
[24/4/2022 21:0:48] /i 12923
[24/4/2022 21:0:51] /i 12924
[24/4/2022 21:0:54] /i 12925
[24/4/2022 21:0:57] /i 12926
[24/4/2022 21:0:59] /i 12927
[24/4/2022 21:1:2] /i 12928
[24/4/2022 21:1:4] /i 12929
[24/4/2022 21:1:6] /i 12930
[24/4/2022 21:1:9] /i 12931
[24/4/2022 21:1:11] /i 12932
[24/4/2022 21:1:13] /i 12933
[24/4/2022 21:1:16] /i 12934
[24/4/2022 21:1:18] /i 12935
[24/4/2022 21:1:20] /i 12936
[24/4/2022 21:1:24] /i 12937
[24/4/2022 21:1:26] /i 12938
[24/4/2022 21:1:28] /i 12939
[24/4/2022 21:1:31] /i 12940
[24/4/2022 21:1:38] /i 12941
[24/4/2022 21:1:40] /i 12941
[24/4/2022 21:1:42] /i 12942
[24/4/2022 21:1:50] /i 12942
[24/4/2022 21:1:52] /i 12943
[24/4/2022 21:2:1] /i 12944
[24/4/2022 21:2:3] /i 12945
[24/4/2022 21:2:5] /i 12946
[24/4/2022 21:2:19] /i 12947
[24/4/2022 21:2:21] /i 12948
[24/4/2022 21:2:23] /i 12949
[24/4/2022 21:2:27] /i 12950
[24/4/2022 21:2:29] /i 12951
[24/4/2022 21:2:32] /i 12952
[24/4/2022 21:2:35] /i 12955
[24/4/2022 21:2:38] /i 12954
[24/4/2022 21:2:42] /i 12956
[24/4/2022 21:2:47] /i 12957
[24/4/2022 21:2:50] /i 12958
[24/4/2022 21:2:53] /i 12959
[24/4/2022 21:2:56] /i 1296
[24/4/2022 21:2:59] /i 12960
[24/4/2022 21:3:22] /i 12970
[24/4/2022 21:3:37] /i 12971
[24/4/2022 21:3:44] /i 12972
[24/4/2022 21:3:46] /i 12973
[24/4/2022 21:3:48] /i 12974
[24/4/2022 21:3:49] /i 12975
[24/4/2022 21:3:51] /i 12976
[24/4/2022 21:3:53] /i 129777
[24/4/2022 21:3:55] /i 12977
[24/4/2022 21:4:1] /i 12978
[24/4/2022 21:4:4] /i 12979
[24/4/2022 21:4:9] /i 12980
[24/4/2022 21:4:11] /i 12981
[24/4/2022 21:4:13] /i 12982
[24/4/2022 21:4:16] /i 12983
[24/4/2022 21:4:18] /i 12985
[24/4/2022 21:4:23] /i 13000
[24/4/2022 21:4:26] /i 13001
[24/4/2022 21:4:28] /i 13002
[24/4/2022 21:4:29] /i 13003
[24/4/2022 21:4:31] /i 13004
[24/4/2022 21:4:33] /i 13005
[24/4/2022 21:4:35] /i 13006
[24/4/2022 21:4:40] /i 13007
[24/4/2022 21:4:42] /i 13008
[24/4/2022 21:4:46] /i 13050
[24/4/2022 21:4:48] /i 13051
[24/4/2022 21:4:52] /i 13100
[24/4/2022 21:4:56] /i 13120
[24/4/2022 21:5:1] /i 13121
[24/4/2022 21:5:4] /i 13123
[24/4/2022 21:5:9] /i 13124
[24/4/2022 21:5:13] /i 13125
[24/4/2022 21:5:16] /i 13126
[24/4/2022 21:5:18] /i 13127
[24/4/2022 21:5:30] /i 13128
[24/4/2022 21:5:33] /i 13129
[24/4/2022 21:5:36] /i 13130
[24/4/2022 21:5:39] /i 13131
[24/4/2022 21:5:42] /i 13135
[24/4/2022 21:5:45] /i 13137
[24/4/2022 21:5:48] /i 13140
[24/4/2022 21:5:51] /i 13141
[24/4/2022 21:6:9] /m trainer
[24/4/2022 21:6:17] /i 13143
[24/4/2022 21:6:30] /i 131444
[24/4/2022 21:6:32] /i 13144
[24/4/2022 21:6:34] /i 13146
[24/4/2022 21:6:37] /i 13147
[24/4/2022 21:6:39] /i 13148
[24/4/2022 21:6:42] /i 13150
[24/4/2022 21:6:44] /i 13151
[24/4/2022 21:6:47] /i 13152
[24/4/2022 21:6:49] /i 13153
[24/4/2022 21:6:52] /i 13154
[24/4/2022 21:6:54] /i 13155
[24/4/2022 21:6:56] /i 13156
[24/4/2022 21:6:58] /i 13160
[24/4/2022 21:7:2] /i 1319
[24/4/2022 21:7:5] /i 13190
[24/4/2022 21:7:7] /i 13191
[24/4/2022 21:7:11] /i 13192
[24/4/2022 21:7:13] /i 13193
[24/4/2022 21:7:15] /i 13194
[24/4/2022 21:7:17] /i 13196
[24/4/2022 21:7:19] /i 13199
[24/4/2022 21:7:22] /i 13200
[24/4/2022 21:7:28] /i 13201
[24/4/2022 21:7:43] /i 13202
[24/4/2022 21:7:45] /i 13203
[24/4/2022 21:7:47] /i 13204
[24/4/2022 21:7:48] /i 13205
[24/4/2022 21:7:50] /i 13206
[24/4/2022 21:7:51] /i 13209
[24/4/2022 21:7:54] /i 13210
[24/4/2022 21:7:58] /i 13220
[24/4/2022 21:8:1] /i 13230
[24/4/2022 21:8:4] /i 13240
[24/4/2022 21:8:7] /i 13245
[24/4/2022 21:8:10] /i 13300
[24/4/2022 21:8:15] /i 13300
[24/4/2022 21:8:19] /i 13301
[24/4/2022 21:9:29] /clean
[24/4/2022 21:11:17] /i provoc gem
[24/4/2022 21:15:20] /i action
[24/4/2022 21:16:0] /reload action
[24/4/2022 21:17:6] /i provoc gem
[24/4/2022 21:19:19] /reload action
[24/4/2022 21:22:9] /reload action
[24/4/2022 21:22:41] /reload action
[24/4/2022 21:23:3] /i proco gem
[24/4/2022 21:23:12] /i prococ gem
[24/4/2022 21:23:31] /i provoc gem
[25/4/2022 18:4:38] /goto dement paly
[25/4/2022 18:18:15] /save
[25/4/2022 18:27:20] /c dement paly
[25/4/2022 18:55:51] /m demon 
[25/4/2022 18:55:58] /m demon 
[25/4/2022 18:56:9] /m demon 
[25/4/2022 18:56:11] /m demon 
[25/4/2022 18:57:3] /m demon 
[25/4/2022 18:57:34] /clean
[25/4/2022 18:57:41] /m demon 
[25/4/2022 18:58:37] /clean
[25/4/2022 18:59:55] /i provoc gem
[25/4/2022 19:2:21] /i spears
[25/4/2022 19:2:24] /i spear
[25/4/2022 19:2:42] /m treiner
[25/4/2022 19:2:46] /m trainer
[25/4/2022 19:7:28] /r
[25/4/2022 19:11:3] /reload items
[25/4/2022 19:11:37] /m trainer
[25/4/2022 19:11:51] /save
[25/4/2022 19:12:36] /m trainer
[25/4/2022 19:15:38] /r
[25/4/2022 19:21:3] /goto poiroom 1
[25/4/2022 19:21:5] /goto poiroom1
[25/4/2022 19:21:8] /goto poi1
[25/4/2022 19:21:11] /wp
[25/4/2022 19:21:18] /goto Poi 2
[25/4/2022 19:23:6] /town 9
[25/4/2022 19:23:41] /goto Poi 2
[25/4/2022 19:29:3] /reload action
[25/4/2022 19:29:56] /reload action
[25/4/2022 19:31:18] /reload action
[25/4/2022 19:32:11] /reload action
[25/4/2022 19:36:4] /reload action
[25/4/2022 19:37:12] /reload action
[25/4/2022 19:39:15] /reload action
[25/4/2022 19:42:45] /clean 5
[25/4/2022 19:44:0] /reload action
[25/4/2022 19:44:33] /goto infernus
[25/4/2022 19:44:35] /r
[25/4/2022 19:44:37] /goto infernus
[25/4/2022 19:44:40] /r
[25/4/2022 19:44:42] /goto infernus
[25/4/2022 19:44:50] /r
[25/4/2022 19:44:54] /goto infernus
[25/4/2022 19:45:0] /r
[25/4/2022 19:45:2] /goto infernus
[25/4/2022 19:45:13] /goto infernus
[25/4/2022 19:45:16] /r
[25/4/2022 19:45:20] /goto infernus
[25/4/2022 19:45:23] /r
[25/4/2022 19:45:24] /goto infernus
[25/4/2022 19:45:28] /r
[25/4/2022 19:45:29] /goto infernus
[26/4/2022 16:58:0] /reload actions
[26/4/2022 16:58:19] /town
[26/4/2022 16:58:22] /town 9
[26/4/2022 16:59:25] /goto Luis Darkkonia
[26/4/2022 17:0:6] /town 9
[26/4/2022 17:0:9] /c Luis Darkkonia
[26/4/2022 17:3:55] /wp
[26/4/2022 17:4:6] /wp set
[26/4/2022 17:4:19] /goto set
[26/4/2022 17:4:30] /goto infernus
[26/4/2022 17:9:20] /save
[26/4/2022 17:9:32] /reload outfit
[26/4/2022 17:13:28] /reload actions
[26/4/2022 17:14:55] /shutdown 1
[26/4/2022 17:16:31] /save
[26/4/2022 17:19:15] /reload actions
[26/4/2022 17:20:4] /reload actions
[26/4/2022 17:22:15] /town
[26/4/2022 17:22:18] /town 9
[26/4/2022 17:23:31] /goto demen paly
[26/4/2022 17:23:40] /goto Dement Paly
[27/4/2022 6:58:9] /save
[27/4/2022 6:58:22] /shutdown
[27/4/2022 6:59:49] /b hice un poco de ajuste en los moster a ver si asi les pegan mas
[27/4/2022 7:3:10] /goto Dement Paly
[27/4/2022 19:19:57] /reload monster
[27/4/2022 19:20:49] /reload monster
[27/4/2022 19:25:51] /goto varkhall
[27/4/2022 19:25:56] /town 19
[27/4/2022 19:25:58] /town 18
[27/4/2022 19:27:19] /town 9
[27/4/2022 19:27:51] /goto Dement Paly
[27/4/2022 19:39:56] /i 
[27/4/2022 19:40:0] /i  16157
[27/4/2022 19:40:8] /save
[27/4/2022 19:40:14] /shutdown
[27/4/2022 19:41:27] /i 2160
[27/4/2022 19:42:42] /i  2137
[27/4/2022 19:57:41] /reload npc
[27/4/2022 20:1:42] /reload npc
[27/4/2022 20:25:4] /i paladin armor
[27/4/2022 20:32:36] /reload npc
[27/4/2022 20:35:36] /reload npc
[27/4/2022 20:35:46] /i 2160 
[27/4/2022 20:35:47] /i 2160 
[27/4/2022 20:35:48] /i 2160 
[27/4/2022 20:35:56] /i 2160 
[27/4/2022 20:44:11] /i 12643
[27/4/2022 20:44:59] /reload items
[27/4/2022 20:45:26] /save
[27/4/2022 20:45:30] /shutdown
[27/4/2022 20:50:4] /save
[27/4/2022 20:50:9] /shutdown
[27/4/2022 20:51:54] /i bolt
[27/4/2022 20:54:20] /attr vocation 1
[27/4/2022 20:54:23] /attr vocation 7
[27/4/2022 20:54:39] /attr vocation 31
[27/4/2022 20:54:41] /attr vocation 31
[27/4/2022 20:54:53] /attr vocation 30
[27/4/2022 20:55:12] /attr vocation 27
[27/4/2022 20:57:37] /attr vocation 25
[27/4/2022 20:57:43] /attr vocation 23
[27/4/2022 20:57:48] /r
[27/4/2022 21:0:38] /reload weapons
[27/4/2022 21:0:46] /c dement paly
[27/4/2022 21:0:56] /save
[27/4/2022 21:1:3] /shutdown
[27/4/2022 21:3:1] /r
[27/4/2022 21:12:45] /i 16116
[27/4/2022 21:12:55] /i 16116
[27/4/2022 21:15:46] /town 18
[27/4/2022 21:19:56] /i 2272
[27/4/2022 21:24:38] /town 9
[27/4/2022 21:26:57] /goto fidel
[27/4/2022 21:27:2] /goto sorairei
[28/4/2022 16:48:31] /reload monsters
[28/4/2022 16:48:46] /m dracola
[28/4/2022 16:49:21] /reload monsters
[28/4/2022 16:49:25] /m dracola
[28/4/2022 16:49:27] /m dracola
[28/4/2022 16:49:31] /m dracola
[28/4/2022 16:49:51] /m dracola
[28/4/2022 16:55:5] /reload monster
[28/4/2022 16:55:14] /m chaos destroyer
[28/4/2022 16:56:33] /goto chaos imperor
[28/4/2022 16:57:25] /reload monster
[28/4/2022 16:57:30] /m chaos imperor
[28/4/2022 16:58:11] /reload monster
[28/4/2022 16:58:13] /m chaos imperor
[28/4/2022 17:1:24] /reload monster
[28/4/2022 17:1:28] /m chaos imperor
[28/4/2022 17:1:36] /r
[28/4/2022 17:1:43] /r
[28/4/2022 17:1:48] /r
[28/4/2022 17:1:54] /r
[28/4/2022 17:2:54] /reload monster
[28/4/2022 17:2:57] /m chaos imperor
[28/4/2022 17:4:14] /goto chaos littium
[28/4/2022 17:4:53] /reload monster
[28/4/2022 17:4:57] /m chaos littium
[28/4/2022 17:5:28] /reload monster
[28/4/2022 17:5:31] /m chaos littium
[28/4/2022 17:5:36] /r
[28/4/2022 17:10:4] /goto infernus
[28/4/2022 17:12:52] /reload monster
[28/4/2022 17:12:56] /m infernus
[28/4/2022 17:17:5] /m satan
[28/4/2022 17:17:34] /r
[28/4/2022 17:17:36] /r
[28/4/2022 17:19:1] /goto orshabaal
[28/4/2022 17:19:8] /reload monster
[28/4/2022 17:19:11] /m orshabaal
[28/4/2022 17:21:8] /up
[28/4/2022 17:21:21] /down
[29/4/2022 20:20:10] /goto fire elemental
[29/4/2022 20:23:43] /up
[29/4/2022 20:23:45] /up
[29/4/2022 20:23:46] /up
[29/4/2022 20:26:5] /town
[29/4/2022 20:26:16] /town 
[29/4/2022 20:26:22] /town Nkoll
[29/4/2022 20:27:30] /town
[29/4/2022 20:27:35] /town 9 
[29/4/2022 20:35:45] /save
[29/4/2022 20:35:55] /shutdown
[29/4/2022 21:16:52] /save
[30/4/2022 7:5:26] /c nimbus
[30/4/2022 7:5:43] /c Nismus
[30/4/2022 7:17:31] /m demonfrost"
[30/4/2022 7:17:32] /m demonfrost
[30/4/2022 7:17:36] /m demonfrost
[30/4/2022 7:17:42] /m fezarus
[30/4/2022 7:21:0] /m aqdon
[30/4/2022 10:17:9] /goto infernus
[30/4/2022 10:17:14] /r
[30/4/2022 10:17:16] /goto infernus
[30/4/2022 10:17:18] /r
[30/4/2022 10:17:19] /goto infernus
[30/4/2022 10:47:20] /goto  [10:33:05.639] [Error - Action Interface]
[30/4/2022 10:47:32] /goto Liz Azix
[30/4/2022 10:57:37] /save
[30/4/2022 10:58:5] /reload monster
[30/4/2022 10:59:48] /reload monster
[30/4/2022 11:1:9] /goto infenus
[30/4/2022 11:1:13] /goto infernus
[30/4/2022 11:2:9] /reload monster
[30/4/2022 11:4:18] /town
[30/4/2022 11:4:21] /town 9
[30/4/2022 11:6:8] /town 9
[30/4/2022 11:7:21] /town 18
[30/4/2022 11:8:3] /town 19
[30/4/2022 11:8:57] /goto sorairei
[30/4/2022 11:9:25] /town 19
[30/4/2022 12:11:55] /town 1
[30/4/2022 12:12:0] /town 19
[30/4/2022 12:12:22] /save
[30/4/2022 12:12:27] /reload spells
[30/4/2022 12:13:34] /reload spells
[30/4/2022 12:41:3] /b voy a cerrar y abrir andamso haciendo modificaciones en lso efectos
[30/4/2022 12:41:59] /save
[30/4/2022 12:42:4] /shutdown
[30/4/2022 12:43:33] /reload spells
[30/4/2022 12:43:57] /reload spells
[30/4/2022 13:5:28] /reload mosnter 
[30/4/2022 13:5:33] /reload monster
[30/4/2022 13:5:38] /m satan
[30/4/2022 20:2:36] /save
[30/4/2022 20:2:48] /shutdown
[30/4/2022 20:7:9] /m satan
[30/4/2022 20:15:50] /reload monster
[30/4/2022 20:20:47] /reload monster
[30/4/2022 20:21:43] /reload monster
[30/4/2022 20:24:53] /reload monster
[30/4/2022 20:29:31] /reload monster
[30/4/2022 20:30:18] /reload monster
[30/4/2022 20:31:11] /reload monster
[30/4/2022 20:32:35] /reload monster
[30/4/2022 20:33:7] /reload monster
[30/4/2022 20:33:42] /reload monster
[30/4/2022 21:16:48] /m satan
[30/4/2022 21:19:52] /reload monster
[30/4/2022 21:20:21] /reload monster
[30/4/2022 21:20:55] /reload monster
[30/4/2022 21:22:7] /reload monster
[30/4/2022 21:37:42] /m satan
[30/4/2022 21:38:23] /reload monster
[30/4/2022 21:38:56] /reload monster
[30/4/2022 21:39:22] /reload monster
[30/4/2022 21:39:58] /reload monster
[30/4/2022 21:40:41] /reload monster
[30/4/2022 21:41:56] /reload monster
[30/4/2022 21:42:14] /reload monster
[30/4/2022 21:43:50] /reload monster
[30/4/2022 21:46:16] /m satan
[30/4/2022 21:46:47] /reload monster
[30/4/2022 21:51:42] /reload monster
[30/4/2022 22:9:48] /m satan
[30/4/2022 22:11:7] /reload monster
[30/4/2022 22:11:41] /reload monster
[30/4/2022 22:12:7] /reload monster
[30/4/2022 22:12:55] /reload monster
[30/4/2022 22:13:9] /reload monster
[30/4/2022 22:13:25] /reload monster
[30/4/2022 22:14:13] /reload monster
[30/4/2022 22:15:27] /reload monster
[30/4/2022 22:16:2] /reload monster
[30/4/2022 22:18:21] /reload monster
[30/4/2022 22:18:47] /reload monster
[30/4/2022 22:20:41] /reload spells
[30/4/2022 22:21:25] /reload spells
[2/5/2022 18:14:36] /goto Dement Paly
[2/5/2022 18:16:5] /goto satan
[2/5/2022 18:16:9] /up
[2/5/2022 18:16:18] /c Dement Paly
[2/5/2022 18:17:5] /m satan
[2/5/2022 18:17:9] /r
[2/5/2022 18:18:47] /town 9
[2/5/2022 18:18:53] /c Dement Paly
[2/5/2022 18:19:12] /raid 
[2/5/2022 20:43:48] /i vampire glove
[2/5/2022 20:49:55] /goto satan
[2/5/2022 20:53:18] /goto hero
[2/5/2022 20:55:23] /raid morgaroth
[2/5/2022 20:57:15] /addskill
[2/5/2022 20:57:31] /addskill dinoxx, sword, 100
[2/5/2022 20:57:53] /addskill dinoxx, sword 100
[2/5/2022 21:0:5] /addskill dinoxx, sword , 100
[2/5/2022 21:0:12] /addskill dinoxx , sword , 100
[2/5/2022 21:0:28] /addskill dinoxx, sword, 100
[2/5/2022 21:0:56] /goto morgaroth
[2/5/2022 21:1:0] /r
[2/5/2022 21:1:4] /goto morgaroth
[2/5/2022 21:3:48] /goto morgaroth
[2/5/2022 21:6:15] /goto morgaroth
[2/5/2022 21:6:21] /goto sorairei
[2/5/2022 21:6:39] /town
[2/5/2022 21:6:46] /town 9
[2/5/2022 21:8:15] /attr vocation 31
[2/5/2022 21:10:41] /reload potion
[2/5/2022 21:10:48] /reload action
[2/5/2022 21:13:6] /reload action
[2/5/2022 21:14:31] /reload action
[2/5/2022 21:14:39] /attr vocation 27
[2/5/2022 21:14:49] /attr vocation 17
[2/5/2022 21:14:56] /attr vocation 21
[2/5/2022 21:15:7] /reload action
[2/5/2022 21:17:28] /reload action
[2/5/2022 21:18:17] /c Mirajane Op
[2/5/2022 21:19:1] /reload action
[2/5/2022 21:19:57] /reload action
[2/5/2022 21:22:23] /attr vocation 1
[2/5/2022 21:22:26] /attr vocation 3
[2/5/2022 21:22:28] /attr vocation 4
[2/5/2022 21:22:48] /c hellgorak
[2/5/2022 21:28:16] /goto Spirit of Fire
[2/5/2022 21:36:16] /reload monster
[2/5/2022 21:37:30] /reload monster
[3/5/2022 17:28:58] /goto elote
[3/5/2022 17:29:47] /i 3361
[3/5/2022 17:29:54] /m satan
[3/5/2022 17:30:2] /r
[3/5/2022 17:30:13] /r
[3/5/2022 17:30:25] /r
[3/5/2022 17:30:28] /r
[3/5/2022 17:30:31] /r
[3/5/2022 17:30:39] /r
[3/5/2022 17:30:42] /r
[3/5/2022 18:9:14] /clean
[3/5/2022 18:18:9] /goto Elote
[3/5/2022 18:18:32] /i provoc gem
[3/5/2022 20:8:51] /goto corn
[3/5/2022 20:18:38] /goto elote
[3/5/2022 20:19:32] /r
[3/5/2022 20:19:35] /r
[3/5/2022 20:20:4] /attr vocation 27
[3/5/2022 20:20:13] /attr vocation 18
[3/5/2022 20:20:20] /attr vocation 21
[3/5/2022 20:20:24] /attr vocation 24
[3/5/2022 20:20:29] /r
[3/5/2022 20:49:22] /i 2169
[3/5/2022 20:49:28] /i 2160
[3/5/2022 20:54:40] /i 2160
[3/5/2022 20:54:41] /i 2160
[3/5/2022 20:56:55] /i 7488
[3/5/2022 20:57:3] /i 7488
[3/5/2022 20:57:9] /i 7488
[3/5/2022 20:57:11] /i 7488
[3/5/2022 21:2:35] /reload action
[3/5/2022 21:4:45] /m trainer
[3/5/2022 21:7:6] /i 2160
[3/5/2022 21:7:7] /i 2160
[3/5/2022 21:7:8] /i 2160
[3/5/2022 21:7:9] /i 2160
[3/5/2022 21:7:10] /i 2160
[3/5/2022 21:9:15] /addskill martes, level, 12
[3/5/2022 21:9:29] /c martes
[3/5/2022 21:11:9] /c martes/r
[3/5/2022 21:11:33] /attr vocation 7
[3/5/2022 21:11:41] /c martes
[3/5/2022 21:11:55] /attr vocation 3
[3/5/2022 21:11:57] /attr vocation 3
[3/5/2022 21:12:3] /attr vocation 8
[3/5/2022 21:12:5] /attr vocation 8
[3/5/2022 21:12:12] /attr vocation 6
[3/5/2022 21:12:29] /attr vocation 5
[3/5/2022 21:15:52] /c martes
[3/5/2022 21:15:59] /attr vocation 6
[3/5/2022 21:16:18] /c martes
[3/5/2022 21:16:28] /attr vocation 8
[3/5/2022 21:18:13] /attr vocation 8
[3/5/2022 21:18:23] /reload moviment
[3/5/2022 21:18:26] /reload moviments
[3/5/2022 21:18:33] /reload moveitems
[3/5/2022 21:18:37] /reload moveitem
[3/5/2022 21:18:47] /reload movements
[3/5/2022 21:19:9] /c martes
[3/5/2022 21:20:39] /c martes
[3/5/2022 21:20:54] /attr vocation 8
[3/5/2022 21:24:59] /goto hellgorac
[3/5/2022 21:25:2] /goto hellgorak
[4/5/2022 18:42:14] /town 9
[6/5/2022 12:16:38] /goto Dement Paly
[6/5/2022 12:16:48] /i pure energy
[6/5/2022 12:17:27] /m infernal demon
[6/5/2022 12:19:28] /r
[6/5/2022 12:19:32] /r
[6/5/2022 12:20:25] /i bow
[6/5/2022 12:20:39] /goto hero 
[6/5/2022 12:21:19] /m hero
[6/5/2022 12:21:20] /m hero
[6/5/2022 12:21:21] /m hero
[6/5/2022 12:21:22] /m hero
[6/5/2022 12:21:35] /m hero
[6/5/2022 12:21:36] /m hero
[6/5/2022 12:21:37] /m hero
[6/5/2022 12:21:37] /m hero
[6/5/2022 12:21:38] /m hero
[6/5/2022 12:21:39] /m hero
[6/5/2022 12:21:40] /m hero
[6/5/2022 12:21:40] /m hero
[6/5/2022 12:21:41] /m hero
[6/5/2022 12:22:15] /m hero
[6/5/2022 12:22:17] /m hero
[6/5/2022 12:22:19] /m hero
[6/5/2022 12:22:20] /m hero
[6/5/2022 12:22:21] /m hero
[6/5/2022 12:22:21] /m hero
[6/5/2022 12:22:22] /m hero
[6/5/2022 12:22:23] /m hero
[6/5/2022 12:22:24] /m hero
[6/5/2022 12:22:27] /m hero
[6/5/2022 12:23:1] /m trainer
[6/5/2022 12:28:57] /goto   WAIT SEC 0
[6/5/2022 12:29:5] /goto dement paly
[6/5/2022 12:29:19] /i pure energy
[6/5/2022 12:29:20] /i pure energy
[6/5/2022 12:29:21] /i pure energy
[6/5/2022 12:29:22] /i pure energy
[6/5/2022 12:29:33] /i pure energy
[6/5/2022 12:29:34] /i pure energy
[6/5/2022 12:29:35] /i pure energy
[6/5/2022 20:16:24] /attr vocation 8
[6/5/2022 20:16:30] /m trainer
[6/5/2022 20:17:19] /attr vocation 21
[6/5/2022 20:17:25] /attr vocation 22
[6/5/2022 20:17:30] /attr vocation 23
[6/5/2022 20:17:34] /r
[6/5/2022 20:17:42] /r
[6/5/2022 20:17:53] /m trainer
[6/5/2022 20:22:15] /npc ruby
[6/5/2022 20:22:30] /r
[6/5/2022 20:22:34] /r
[6/5/2022 20:26:40] /npc arthuro
[6/5/2022 20:26:54] /npc Arthuro
[6/5/2022 20:26:57] /npc Arthuro
[6/5/2022 20:49:32] /m trainer
[6/5/2022 20:51:55] /m trainer
[6/5/2022 20:52:12] /i axe
[6/5/2022 20:52:15] /m trainer
[6/5/2022 21:9:3] /save
[6/5/2022 21:9:11] /shutdown
[6/5/2022 21:10:58] /npc pet trainer
[6/5/2022 21:11:3] /r
[6/5/2022 21:17:10] /m dragon
[6/5/2022 21:20:37] /m demon
[6/5/2022 21:21:32] /m hero
[6/5/2022 21:22:7] /m satan
[6/5/2022 21:22:20] /r
[6/5/2022 21:22:57] /clean
[6/5/2022 21:50:57] /c arthur
[6/5/2022 21:53:34] /save
[6/5/2022 22:2:30] /reload monster
[6/5/2022 22:5:2] /reload monster
[6/5/2022 22:7:58] /reload monster
[6/5/2022 22:18:26] /reload talkcation
[6/5/2022 22:18:44] /reload talkaction
[6/5/2022 22:19:21] /save
[6/5/2022 22:22:15] /npc pet trainer
[6/5/2022 22:48:34] /save
[7/5/2022 10:7:10] /town 9
[7/5/2022 22:14:35] /save
[8/5/2022 9:28:59] /goto dement paly
[8/5/2022 9:38:22] /reload movevents
[8/5/2022 9:39:5] /reload movements
[8/5/2022 9:40:50] /i range bow
[8/5/2022 9:41:4] /i ranger bow
[8/5/2022 9:41:21] /i arrow
[8/5/2022 9:44:27] /save
[8/5/2022 9:44:34] /shutdown
[8/5/2022 14:51:12] /reload items
[8/5/2022 14:51:27] /reload movements
[8/5/2022 14:54:40] /reload movements(i 16057
[8/5/2022 14:55:6] /i 16057
[8/5/2022 14:55:23] /i bolt
[8/5/2022 14:55:37] /i bolt
[8/5/2022 14:55:38] /i bolt
[8/5/2022 14:55:39] /i bolt
[8/5/2022 14:55:40] /i bolt
[8/5/2022 14:56:40] /i 16056
[8/5/2022 14:56:42] /i 16055
[8/5/2022 14:58:1] /i hive bow
[8/5/2022 15:7:18] /reload movements
[8/5/2022 15:9:18] /reload movements
[8/5/2022 15:11:24] /reload movements
[8/5/2022 15:11:53] /reload movements
[8/5/2022 15:13:32] /reload items
[8/5/2022 15:28:17] /reload weapons
[8/5/2022 15:33:3] /save
[8/5/2022 15:33:10] /shutdown
[8/5/2022 15:35:51] /reload moveements
[8/5/2022 15:35:56] /reload movements
[8/5/2022 16:18:17] /npc pet trainer
[8/5/2022 16:25:41] /reload weapons
[8/5/2022 16:25:51] /i diamont arrow
[8/5/2022 16:25:59] /i diamon arrow
[8/5/2022 16:30:48] /r
[8/5/2022 16:41:59] /r
[8/5/2022 16:42:4] /reload items
[8/5/2022 16:42:9] /r
[8/5/2022 16:42:10] /r
[8/5/2022 16:44:1] /i spirit cloak
[8/5/2022 16:45:24] /shutdown
[8/5/2022 16:46:45] /i blue robe
[8/5/2022 16:50:41] /reload movements
[8/5/2022 16:51:29] /reload movements
[8/5/2022 16:52:44] /i 7864
[8/5/2022 16:52:54] /i 7884
[8/5/2022 16:53:19] /i 7884
[8/5/2022 16:53:19] /i 7884
[8/5/2022 16:53:20] /i 7884
[8/5/2022 16:55:39] /reload movements
[8/5/2022 16:56:58] /i focus cape
[8/5/2022 16:58:17] /r
[8/5/2022 17:1:34] /m rat
[8/5/2022 17:1:48] /attr vocation, 1
[8/5/2022 17:1:54] /attr vocation 1
[8/5/2022 17:1:58] /m rat
[8/5/2022 17:2:13] /attr vocation 31
[8/5/2022 17:2:14] /attr vocation 31
[8/5/2022 17:2:20] /attr vocation 27
[8/5/2022 17:2:25] /attr vocation 17
[8/5/2022 17:2:33] /r
[8/5/2022 17:2:48] /m rat
[8/5/2022 17:13:2] /i 7889
[8/5/2022 17:13:8] /i 7889
[8/5/2022 17:13:11] /i 7889
[8/5/2022 17:13:11] /i 7889
[8/5/2022 18:5:23] /reload monster
[8/5/2022 18:6:18] /reload monster
[9/5/2022 20:3:32] /i dice
[9/5/2022 20:4:2] /m trainer
[9/5/2022 20:37:11] /goto anihi3
[9/5/2022 21:16:40] /town 9
[9/5/2022 21:16:48] /m mapache
[9/5/2022 21:16:57] /r
[9/5/2022 21:34:28] /reload monster
[9/5/2022 21:34:42] /goto sorairei
[9/5/2022 21:35:0] /up
[9/5/2022 21:36:32] /reload monster
[9/5/2022 21:37:44] /reload monster
[9/5/2022 21:38:21] /reload monster
[9/5/2022 21:41:43] /m satan
[9/5/2022 21:41:57] /m trainer
[9/5/2022 21:42:12] /m trainer
[9/5/2022 21:42:39] /r
[9/5/2022 21:47:23] /reload monster
[9/5/2022 21:48:0] /reload monster
[9/5/2022 22:10:20] /save
[9/5/2022 22:10:44] /shutdown
[9/5/2022 22:11:58] /m trainer
[9/5/2022 22:13:25] /reload spells
[9/5/2022 22:14:10] /reload monster
[9/5/2022 22:16:56] /reload spells
[9/5/2022 22:18:24] /reload spells
[9/5/2022 22:19:19] /reload spells
[9/5/2022 22:19:54] /reload spells
[9/5/2022 22:20:40] /reload spells
[9/5/2022 22:21:47] /reload spells
[9/5/2022 22:34:25] /reload spells
[9/5/2022 22:35:45] /reload spells
[12/5/2022 16:7:1] /up
[12/5/2022 16:7:4] /up
[12/5/2022 16:7:53] /down
[12/5/2022 16:7:55] /down
[13/5/2022 6:52:29] /reload monster
[13/5/2022 6:55:17] /goto troll
[13/5/2022 6:56:17] /r
[13/5/2022 6:56:20] /r
[13/5/2022 6:56:24] /goto troll
[13/5/2022 6:56:36] /r
[13/5/2022 6:56:38] /r
[13/5/2022 7:34:26] /goto troll
[15/5/2022 9:1:56] /town 9
[15/5/2022 9:47:47] /town 9 
[15/5/2022 9:47:57] /i 6132
[15/5/2022 9:48:6] /i 6132}
[15/5/2022 9:48:9] /i 6132
[15/5/2022 9:51:43] /i 7888
[15/5/2022 9:52:1] /i 7888
[15/5/2022 9:54:43] /i 7890
[15/5/2022 10:58:39] /i 9969
[15/5/2022 11:13:4] /i Mystic Health Magic
[15/5/2022 11:14:20] /i 9969
[15/5/2022 11:14:30] /i 9969
[15/5/2022 11:17:20] /i 16126
[15/5/2022 11:17:30] /i 16126
[18/5/2022 19:53:17] /i xboots of haste
[18/5/2022 19:53:33] /i holy boots of haste
[18/5/2022 19:53:47] /i holy boots of haste
[18/5/2022 19:55:29] /save
[19/5/2022 19:44:48] /i scalibur
[19/5/2022 19:46:56] /i 16001
[19/5/2022 19:47:14] /i 16004
[21/5/2022 18:14:38] /i demon helmet
[28/5/2022 8:21:12] /goto totopo
[28/5/2022 8:22:4] /i provoc gem
[28/5/2022 8:22:54] /town  1
[28/5/2022 8:23:0] /town  9
[28/5/2022 8:23:23] /i provoc gem
[28/5/2022 8:23:29] /goto totopo
[28/5/2022 8:24:39] /goto totopo
[28/5/2022 8:25:11] /i addon doll
[28/5/2022 8:25:24] /i 15910
[28/5/2022 8:55:41] /goto totopo
[28/5/2022 17:2:0] /goto totopo
[28/5/2022 17:16:4] /goto totopo
[28/5/2022 17:16:24] /down
[28/5/2022 17:16:37] /r
[28/5/2022 17:16:38] /r
[28/5/2022 17:16:39] /r
[28/5/2022 17:19:9] /town 1
[28/5/2022 18:30:55] /invisible
[28/5/2022 18:31:5] /goto totopo
[28/5/2022 20:13:39] /goto Anos Voldigoad
[29/5/2022 7:34:20] /i 16126
[29/5/2022 7:34:25] /i 16126
[29/5/2022 7:34:38] /i
[29/5/2022 7:34:41] /i 12817
[29/5/2022 7:34:42] /i 12817
[29/5/2022 7:47:47] /invisible
[29/5/2022 8:9:37] /c totopo
[29/5/2022 8:10:6] /shutdown 5
[29/5/2022 8:10:48] /save
[29/5/2022 8:38:42] /i 16126
[29/5/2022 8:38:53] /i 16126
[29/5/2022 8:44:59] /i 16126
[29/5/2022 8:49:22] /goto totopo
[29/5/2022 8:49:30] /i golden falcon
[29/5/2022 15:55:45] /goto  Anos Voldigoad
[29/5/2022 16:2:35] /goto  Anos Voldigoad
[29/5/2022 16:8:26] /goto  Anos Voldigoad
[29/5/2022 18:36:21] /goto Anos Voldigoad
[29/5/2022 18:36:47] /goto Anos Voldigoad
[29/5/2022 18:37:25] /goto Anos Voldigoad
[31/5/2022 16:55:6] /goto totopo
[31/5/2022 16:55:49] /raid quaras
[31/5/2022 17:53:49] /goto kael
[5/6/2022 16:8:38] /goto Dark Enok
[5/6/2022 16:9:17] /invisible
[5/6/2022 16:9:25] /goto totopo
[5/6/2022 16:9:45] /goto Anos Voldigoad
[5/6/2022 16:11:30] /goto Anos Voldigoad
[5/6/2022 16:16:31] /goto Anos Voldigoad
[5/6/2022 16:17:7] /town 19
[5/6/2022 16:17:10] /town 18
[5/6/2022 16:33:23] /town 1
[5/6/2022 16:33:32] /town 2
[5/6/2022 16:35:0] /town 17
[5/6/2022 16:35:2] /town 18
[5/6/2022 16:43:1] /shutdown 3
[5/6/2022 16:43:9] /b Cargare el mapa
[5/6/2022 16:43:53] /save
[5/6/2022 17:9:14] /b recomiendo no jugar ya econtre el problema de los tp estare cerrando 
[5/6/2022 17:19:24] /town 7
[5/6/2022 17:19:26] /town 9
[5/6/2022 17:21:50] /down
[5/6/2022 17:21:59] /up
[5/6/2022 17:22:5] /i shovel
[5/6/2022 17:24:2] /up
[5/6/2022 17:28:10] /save
[5/6/2022 17:28:14] /shutdown
[5/6/2022 17:30:38] /up
[5/6/2022 17:30:43] /up
[5/6/2022 17:30:53] /up
[5/6/2022 17:30:55] /up
[5/6/2022 17:31:36] /invisible
[5/6/2022 17:33:25] /goto Anos Voldigoad
[5/6/2022 17:34:51] /c Anos Voldigoad
[5/6/2022 17:40:38] /town 18
[5/6/2022 17:42:14] /town 7
[5/6/2022 17:42:17] /town 9
[5/6/2022 17:51:38] /r
[5/6/2022 17:52:11] /m mapache
[5/6/2022 17:53:8] /r
[5/6/2022 17:54:1] /b se arreglaron los errores en el mapa  ya pueden continuar jugando
[6/6/2022 19:1:59] /raid pirates
[8/6/2022 18:3:13] /raid pirates
[8/6/2022 18:3:16] /invisible
[8/6/2022 18:3:51] /goto Totopo
[8/6/2022 19:49:37] /town 9
[8/6/2022 19:50:10] /m omega
[8/6/2022 19:50:21] /remove
[8/6/2022 19:52:18] /reload monster
[8/6/2022 19:55:57] /invisible
[8/6/2022 19:57:20] /goto Anos Voldigoad
[8/6/2022 19:57:41] /goto totopo
[8/6/2022 19:57:49] /goto Jorsh
[8/6/2022 19:58:6] /goto Royal'boo
[8/6/2022 19:59:22] /reload monster
[8/6/2022 19:59:51] /r
[8/6/2022 19:59:57] /shutdown 
[8/6/2022 20:6:54] /down
[8/6/2022 20:10:56] /town 9
[8/6/2022 20:12:43] /reload monster
[8/6/2022 20:16:3] /town 9
[8/6/2022 20:17:47] /c dimral
[8/6/2022 20:17:52] /r
[10/6/2022 19:22:50] /goto Totopo
[10/6/2022 19:23:25] /town
[10/6/2022 19:23:34] /town 1
[10/6/2022 19:23:36] /town 9
[10/6/2022 19:27:5] /raid knigth
[10/6/2022 19:28:24] /goto Jorsh
[10/6/2022 19:30:59] /raid hero
[10/6/2022 19:34:10] /invisible
[10/6/2022 19:34:30] /goto Royal'boo
[10/6/2022 19:38:25] /goto Royal'boo
[10/6/2022 20:29:0] /goto Totopo
[10/6/2022 20:29:3] /up
[10/6/2022 20:29:6] /down
[10/6/2022 20:29:18] /invisible
[10/6/2022 20:29:35] /up
[10/6/2022 20:29:50] /up
[10/6/2022 20:29:54] /up
[10/6/2022 20:30:40] /up
[10/6/2022 20:30:46] /c Totopo
[10/6/2022 20:35:29] /town 9
[10/6/2022 20:35:31] /c Totopo
[10/6/2022 20:39:19] /c Totopo
[10/6/2022 20:40:49] /goto Totopo
[10/6/2022 20:50:38] /goto totopo
[10/6/2022 21:6:23] /town 9
[10/6/2022 21:11:51] /goto player outfit  Anos Voldigoadexori
[10/6/2022 21:12:8] /goto Anos Voldigoad
[10/6/2022 21:28:27] /town 20
[10/6/2022 21:28:32] /town 19
[10/6/2022 21:28:34] /town 18
[10/6/2022 21:28:37] /town 17
[11/6/2022 17:1:36] /town 9
[11/6/2022 17:1:54] /goto Royal'boo
[11/6/2022 17:2:38] /m rat
[11/6/2022 17:2:59] /attr vocation 4
[11/6/2022 17:3:4] /attr vocation 3
[11/6/2022 17:3:8] /m rat
[11/6/2022 17:3:35] /attr vocation 33
[11/6/2022 17:3:41] /attr vocation 32
[11/6/2022 17:3:46] /attr vocation 27
[11/6/2022 17:3:51] /r
[11/6/2022 17:4:47] /attr vocation 23
[11/6/2022 17:5:3] /r
[11/6/2022 17:5:36] /m treiner
[11/6/2022 17:5:41] /m trainer
[11/6/2022 17:18:27] /i mariguana
[11/6/2022 21:13:26] /goto via libre
[11/6/2022 21:17:40] /i shovel
[11/6/2022 21:26:52] /goto orsh 
[11/6/2022 21:26:56] /goto jorsh 
[11/6/2022 21:27:15] /goto Anos Voldigoad
[11/6/2022 21:32:49] /i small enchanted ruby
[11/6/2022 21:47:43] /town 9 
[11/6/2022 21:48:7] /npc ninbus
[11/6/2022 21:48:11] /npc nimbus
[11/6/2022 21:48:17] /npc ninbus
[11/6/2022 21:50:31] /shutdown 10
[11/6/2022 21:58:11] /reload npc
[11/6/2022 21:58:17] /c palermus
[11/6/2022 21:58:35] /c ronald
[11/6/2022 21:58:43] /npc palermus
[11/6/2022 21:58:48] /npc ronald
[11/6/2022 22:3:3] /save
[11/6/2022 22:3:10] /shutdown
[11/6/2022 22:4:39] /r
[11/6/2022 22:4:44] /npc palermus
[11/6/2022 22:4:47] /npc palermus
[11/6/2022 22:4:53] /npc ronald
[11/6/2022 22:7:26] /i 2160
[11/6/2022 22:7:27] /i 2160
[11/6/2022 22:7:27] /i 2160
[11/6/2022 22:7:27] /i 2160
[11/6/2022 22:7:28] /i 2160
[11/6/2022 22:7:28] /i 2160
[11/6/2022 22:7:28] /i 2160
[11/6/2022 22:11:17] /raid morgaroth
[11/6/2022 22:14:47] /m orchabaall
[11/6/2022 22:14:50] /m orchabaal
[12/6/2022 8:44:28] /goto Totopo
[12/6/2022 8:44:45] /goto Anos Voldigoad
[12/6/2022 16:33:46] /goto Anos Voldigoad
[12/6/2022 16:33:55] /town 9
[12/6/2022 16:34:18] /goto Royal'boo
[12/6/2022 16:34:35] /shutdown 3
[12/6/2022 16:34:42] /b cierro y abro
[12/6/2022 16:37:35] /b cierro y abro
[12/6/2022 16:37:53] /save
[12/6/2022 16:37:58] /shutdown
[12/6/2022 16:40:20] /goto josh
[12/6/2022 16:40:36] /goto  Jorsh 
[12/6/2022 16:41:48] /goto Royal'boo
[12/6/2022 16:41:56] /i golden falcon
[12/6/2022 16:49:4] /goto Royal'boo
[12/6/2022 16:52:10] /unban 
[12/6/2022 16:52:20] /unban Royal'boo
[12/6/2022 16:53:20] /r
[12/6/2022 16:53:22] /r
[12/6/2022 16:54:8] /c Elite'boo
[12/6/2022 16:54:16] /r
[12/6/2022 16:54:42] /town 9
[12/6/2022 16:54:49] /c Elite boo
[12/6/2022 16:55:0] /goto Royal boo
[12/6/2022 16:55:8] /i golden falcon
[12/6/2022 17:14:54] /clean
[12/6/2022 17:14:59] /town 9 
[12/6/2022 17:27:1] /town 9 
[12/6/2022 17:27:19] /npc runes
[12/6/2022 17:27:23] /npc josue
[12/6/2022 17:27:30] /npc manas
[12/6/2022 17:27:32] /npc mana
[12/6/2022 17:27:36] /npc potion
[12/6/2022 17:27:48] /reload npc
[12/6/2022 17:29:55] /reload npc
[12/6/2022 17:33:36] /reload config
[12/6/2022 17:42:10] /i expedition backpack
[12/6/2022 17:42:32] /i dragon backpack
[12/6/2022 17:43:1] /i santa backpack
[12/6/2022 17:43:40] /i Tibiora's box
[12/6/2022 17:44:54] /i demonic candy ball
[12/6/2022 17:45:38] /i mage's cap
[12/6/2022 17:45:54] /i gill gugel
[12/6/2022 17:46:9] /i 
[12/6/2022 17:46:37] /i Ferumbras' Candy Hat
[12/6/2022 17:47:20] /i dark wizard's crown
[12/6/2022 17:47:37] /i dark whispers
[12/6/2022 17:47:54] /i ornate chestplate
[12/6/2022 17:48:16] /i depth lorica
[12/6/2022 17:48:42] /i albino plate
[12/6/2022 17:48:58] /i fireheart hauberk
[12/6/2022 17:49:17] /i earthheart cuirass
[12/6/2022 17:49:44] /i thundermind raiment
[12/6/2022 17:50:15] /i traditional shirt
[12/6/2022 17:50:30] /i ghost chestplate
[12/6/2022 17:50:46] /i soulshell
[12/6/2022 18:11:19] /i soulshell
[12/6/2022 18:11:30] /i 15867
[12/6/2022 18:11:43] /i 15867
[12/6/2022 18:11:50] /i 15868
[12/6/2022 18:12:7] /i 15868
[12/6/2022 18:12:14] /i 15869
[12/6/2022 18:18:59] /i   Ranger bow
[12/6/2022 18:19:10] /m trainer
[12/6/2022 18:19:45] /r
[12/6/2022 18:20:23] /r
[12/6/2022 18:20:30] /i 1586
[12/6/2022 18:20:36] /i 15869
[12/6/2022 18:20:40] /i 15870
[12/6/2022 18:20:43] /i 15871
[12/6/2022 18:20:47] /i 15873
[12/6/2022 18:20:53] /i 16000
[12/6/2022 18:28:25] /i 
[12/6/2022 18:28:27] /i 16065
[12/6/2022 18:28:37] /i 16159
[12/6/2022 18:28:45] /i 16363
[12/6/2022 18:28:59] /i 16624
[12/6/2022 18:29:12] /i 6446
[12/6/2022 18:29:19] /r
[12/6/2022 18:29:27] /i 16446
[12/6/2022 18:29:39] /i 1650
[12/6/2022 18:29:44] /r
[12/6/2022 18:29:48] /i 16503
[12/6/2022 18:30:5] /i 16556
[12/6/2022 18:30:16] /i 16623
[12/6/2022 18:30:37] /i 16839
[12/6/2022 18:30:44] /i 16838
[12/6/2022 18:30:54] /i 16837
[12/6/2022 18:31:1] /i 16836
[12/6/2022 18:31:9] /i 16835
[12/6/2022 18:31:16] /i 16834
[12/6/2022 18:31:38] /i 16833
[12/6/2022 18:32:7] /m trainer
[12/6/2022 18:33:43] /i 16840
[12/6/2022 18:33:54] /i 16841
[12/6/2022 18:34:53] /i 16911
[12/6/2022 18:35:8] /i 16910
[12/6/2022 18:38:1] /i 16670
[12/6/2022 18:38:7] /i 16770
[12/6/2022 18:38:38] /i 16742
[12/6/2022 18:38:55] /i r
[12/6/2022 18:38:59] /r
[12/6/2022 18:39:7] /i 16742
[12/6/2022 18:39:25] /i 16740
[12/6/2022 18:40:43] /i 16655
[12/6/2022 18:42:12] /i 16466
[12/6/2022 18:42:21] /i 16463
[12/6/2022 18:43:0] /i 16407
[12/6/2022 18:43:52] /i 16391
[12/6/2022 18:44:21] /i 16395
[12/6/2022 18:44:28] /i 16365
[12/6/2022 18:44:53] /i 16366
[12/6/2022 18:45:6] /i 16363
[12/6/2022 19:8:12] /i ferumbras hat
[12/6/2022 19:8:26] /i ferumbras hat
[12/6/2022 19:15:9] /i blue legs
[12/6/2022 19:26:21] /r
[12/6/2022 19:26:34] /npc ronald
[12/6/2022 19:37:42] /r
[12/6/2022 19:37:43] /r
[12/6/2022 19:37:44] /r
[12/6/2022 19:38:38] /i 16367
[12/6/2022 19:38:43] /i 16368
[12/6/2022 19:39:20] /i 16368 - 16369
[12/6/2022 19:39:32] /i 16368 ,16369
[12/6/2022 19:53:34] /c Royal boo
[12/6/2022 20:0:26] /save
[12/6/2022 20:0:36] /reload weapons
[12/6/2022 20:4:4] /m trainer
[12/6/2022 20:6:38] /npc ronald
[12/6/2022 20:6:41] /r
[12/6/2022 20:31:35] /goto Anos Voldigoad
[12/6/2022 20:32:53] /c Anos Voldigoad
[13/6/2022 17:51:50] /town 1
[13/6/2022 17:51:54] /town 9
[13/6/2022 17:53:4] /goto Ivory
[13/6/2022 17:54:9] /goto Ivory
[13/6/2022 17:54:28] /down
[13/6/2022 17:54:33] /goto Ivory
[13/6/2022 17:57:8] /town 9
[13/6/2022 18:35:33] /save
[13/6/2022 18:35:41] /shutdown
[13/6/2022 18:46:41] /reload movements
[13/6/2022 18:47:2] /save
[13/6/2022 18:47:7] /shutdown
[14/6/2022 17:44:57] /reload items
[14/6/2022 17:45:10] /b alguien sin bot?ˇ
[14/6/2022 17:45:29] /shutdown
[14/6/2022 17:47:18] /reload items
[14/6/2022 17:47:31] /shutdown
[14/6/2022 17:57:59] /shutdown
[14/6/2022 18:11:23] /i legs
[14/6/2022 18:11:34] /i 16407
[14/6/2022 18:20:36] /i cobra crown
[14/6/2022 18:23:48] /goto totopo
[14/6/2022 18:24:17] /goto totopo
[14/6/2022 18:25:32] /town 9
[15/6/2022 20:23:23] /goto poi
[15/6/2022 20:23:25] /goto poi1
[15/6/2022 20:23:28] /wp
[15/6/2022 20:23:36] /goto Poi
[15/6/2022 20:36:8] /town 9 
[15/6/2022 20:37:4] /save
[15/6/2022 20:37:12] /shutdown
[15/6/2022 20:48:44] /attr vocation 17
[15/6/2022 20:49:2] /attr vocation 21
[15/6/2022 20:51:58] /i vampire ring
[15/6/2022 21:8:15] /attr vocation 24
[15/6/2022 21:27:30] /save
[15/6/2022 21:32:16] /reload items
[15/6/2022 21:32:21] /save
[15/6/2022 21:42:18] /save
[15/6/2022 21:56:1] /i 16770
[15/6/2022 21:56:16] /i 16363
[15/6/2022 21:56:43] /i 16407
[15/6/2022 21:56:57] /i 16159
[15/6/2022 22:10:54] /save
[16/6/2022 20:10:7] /goto Royal boo
[16/6/2022 20:11:28] /i golden falcon
[16/6/2022 20:18:56] /goto Boo Tariel 
[18/6/2022 15:21:19] /goto  Boo Tariel
[18/6/2022 15:21:26] /town 1
[18/6/2022 15:21:28] /town 0
[18/6/2022 15:21:30] /town 9
[19/6/2022 19:43:26] /goto Anos Voldigoad
[19/6/2022 19:44:26] /town 9 
[19/6/2022 19:58:14] /r
[19/6/2022 20:3:10] /town 9 
[19/6/2022 20:13:29] /npc ronald
[24/6/2022 11:52:52] /goto Boo Tariel
[24/6/2022 11:54:34] /goto Boo Tariel
[24/6/2022 12:5:53] /goto anihi3
[24/6/2022 12:6:5] /wp
[24/6/2022 12:6:11] /goto Anni3
[24/6/2022 12:6:19] /goto Anni5
[24/6/2022 12:6:24] /goto Anni3
[25/6/2022 10:35:53] /raid verminor
[25/6/2022 11:37:46] /goto verminor
[25/6/2022 11:38:3] /r
[25/6/2022 11:38:5] /goto verminor
[25/6/2022 11:39:45] /up
[25/6/2022 11:39:46] /up
[25/6/2022 11:39:47] /up
[25/6/2022 20:44:56] /goto
[25/6/2022 20:45:0] /goto Pan Gt
[25/6/2022 20:45:15] /goto Anos Voldigoad
[29/6/2022 20:48:57] /save
[29/6/2022 20:49:2] /shutdown
[16/8/2022 22:3:50] /m demon
[16/8/2022 22:6:30] /m Gaz'haragoth
[16/8/2022 22:6:36] /m Gaz'haragoth
[16/8/2022 22:6:42] /m Gaz'haragoth
[16/8/2022 22:6:43] /m Gaz'haragoth
[16/8/2022 22:7:57] /npc palermus
[16/8/2022 22:8:5] /npc ronald
[17/8/2022 18:39:4] /save
[17/8/2022 18:39:8] /reload map
[21/8/2022 19:2:27] /goto fidelillo
[21/8/2022 19:2:33] /town 9
[21/8/2022 19:2:52] /goto fidellillo
[21/8/2022 19:3:12] /r
[21/8/2022 19:3:21] /r
[21/8/2022 22:16:43] /save
[21/8/2022 22:16:55] /shutdown
[21/8/2022 22:17:17] /shutdown
[21/8/2022 22:19:12] /shutdown
[21/8/2022 22:19:52] /i 13040
[21/8/2022 22:24:55] /reload npc
[21/8/2022 22:25:41] /reload actions
[21/8/2022 22:25:48] /reload npc
[21/8/2022 22:27:23] /save
[21/8/2022 22:27:29] /shutdown
[21/8/2022 22:31:36] /town 21
[21/8/2022 22:31:41] /town 20
[21/8/2022 22:56:27] /town 22
[21/8/2022 22:56:28] /town 21
[21/8/2022 22:56:39] /up
[21/8/2022 22:56:42] /up
[21/8/2022 23:46:44] /m trainer
[21/8/2022 23:59:53] /reload config
[22/8/2022 0:9:25] /i 24185
[22/8/2022 0:9:38] /i 24185
[22/8/2022 0:22:30] /clean
[22/8/2022 0:23:39] /clean
[22/8/2022 0:23:41] /i 24185
[22/8/2022 0:23:47] /reload config
[22/8/2022 0:24:5] /reload config
[22/8/2022 0:25:32] /shutdown
[22/8/2022 0:26:37] /town 7
[22/8/2022 0:26:42] /town 9
[22/8/2022 0:32:4] /demote
[22/8/2022 0:32:29] /demote sorairei
[22/8/2022 0:32:34] /demote ,sorairei
[22/8/2022 15:59:6] /goto Anos Voldigoad
[22/8/2022 16:27:1] /shutdown
[22/8/2022 16:28:48] /c lunes
[22/8/2022 16:28:51] /c lunes
[22/8/2022 16:29:7] /c martes
[11/9/2022 15:54:42] /i golden falcon
[11/9/2022 15:54:48] /i golden falcon
[27/9/2022 18:34:59] /goto Juggernauts
[27/9/2022 18:35:3] /goto Juggernaut
[2/10/2022 22:34:10] /goto Howakku
[2/10/2022 22:34:20] /b alguien vivo?
[2/10/2022 22:38:30] /goto black
[2/10/2022 22:40:30] /reload stage
[2/10/2022 22:40:32] /reload stages
[2/10/2022 22:42:7] /attr vocation, 8
[2/10/2022 22:42:11] /attr vocation 8
[2/10/2022 22:42:18] /attr vocation, 98
[2/10/2022 22:42:56] /down
[2/10/2022 22:42:57] /down
[2/10/2022 22:43:5] /c felipe
[2/10/2022 22:43:9] /up
[2/10/2022 22:43:9] /up
[2/10/2022 22:43:11] /c felipe
[2/10/2022 22:43:18] /c black
[2/10/2022 22:43:30] /r
[2/10/2022 22:43:50] /attr vocation 8}
[2/10/2022 22:43:53] /attr vocation 8}
[2/10/2022 22:43:55] /attr vocation 8
[2/10/2022 22:44:1] /attr vocation 5
[2/10/2022 22:44:9] /attr vocation 9
[2/10/2022 22:44:14] /r
[3/10/2022 14:2:16] /goto
[3/10/2022 14:2:19] /goto Howakku
[3/10/2022 14:2:35] /goto Seregios
[3/10/2022 14:2:44] /goto Sorcereer
[3/10/2022 14:3:24] /raid elfs
[3/10/2022 14:3:26] /raid elf
[4/10/2022 19:36:33] /goto  Howakku 
[4/10/2022 19:37:27] /goto Chad
[4/10/2022 19:37:31] /goto  Howakku 
[7/10/2022 19:59:35] /invisible
[7/10/2022 19:59:48] /goto Sorairei 
[7/10/2022 20:7:32] /invisible
[7/10/2022 20:8:36] /m warlock
[7/10/2022 20:10:9] /clean
[7/10/2022 20:12:6] /squelch
[7/10/2022 20:12:14] /squelch sorarei
[7/10/2022 20:12:18] /squelch sorarei
[7/10/2022 20:12:27] /serverdiag
[7/10/2022 20:12:59] /m mew
[7/10/2022 20:13:18] /r
[7/10/2022 20:14:22] /r
[7/10/2022 20:14:38] /raid ferumbras
[7/10/2022 20:15:24] /town
[7/10/2022 20:15:29] /town 7
[7/10/2022 20:15:32] /town 9
[7/10/2022 20:17:6] /goto sorarei
[7/10/2022 20:17:37] /goto Sorairei 
[7/10/2022 20:19:44] /goto ferumbras
[8/10/2022 21:5:38] /goto wipo
[8/10/2022 21:5:45] /goto wipo
[8/10/2022 21:19:47] /goto ferumbras
[8/10/2022 21:22:36] /town 9
[8/10/2022 21:29:12] /mode
[8/10/2022 21:29:15] /mode pvp
[10/10/2022 12:7:41] /goto sorcereer
[10/10/2022 12:8:22] /goto Mufasa
[10/10/2022 12:12:8] /goto Howakku
[10/10/2022 12:12:25] /goto Dread 
[10/10/2022 12:12:34] /goto Dread 
[10/10/2022 12:12:53] /goto Howakku
[10/10/2022 19:59:28] /goto Royal boo
[10/10/2022 20:57:35] /goto Neccin 
[10/10/2022 20:57:57] /goto Seregios
[10/10/2022 20:58:38] /raid quaras
[10/10/2022 20:59:51] /invisible
[11/10/2022 19:16:13] /town 9
[11/10/2022 19:17:0] /goto Sorcereer
[13/10/2022 22:24:4] /invisible
[13/10/2022 22:24:11] /goto fidelillo
[13/10/2022 22:24:19] /goto sorarei
[13/10/2022 22:24:24] /goto sorairei
[13/10/2022 22:24:29] /goto sorairei
[13/10/2022 22:27:11] /m ra
[13/10/2022 22:27:14] /m neo ra
[13/10/2022 22:27:45] /m ajjaaj
[13/10/2022 22:27:47] /m ajjaaj
[13/10/2022 22:28:53] /m satabn
[13/10/2022 22:28:56] /m satan
[13/10/2022 22:28:59] /monster satan
[13/10/2022 22:29:43] /r
[13/10/2022 22:29:45] /r
[13/10/2022 22:29:46] /r
[13/10/2022 22:33:8] /r
[13/10/2022 22:33:11] /r
[25/10/2022 20:21:21] /goto Sorairei
[25/10/2022 20:26:7] /raid quaras
[25/10/2022 20:33:44] /m /up
[25/10/2022 20:33:51] /up
[25/10/2022 20:33:54] /up 2
[25/10/2022 20:33:56] /up 2
[25/10/2022 20:33:59] /up 7
[25/10/2022 20:42:11] /goto Madison Elite
[30/10/2022 19:52:49] /m all
[30/10/2022 19:53:0] /m satan 
[30/10/2022 19:53:2] /m satan 
[30/10/2022 19:53:8] /m satan , 4
[30/10/2022 19:53:16] /m satan , dinoxx
[30/10/2022 19:53:20] /m satan , dinoxx
[30/10/2022 19:53:36] /goto knight
[30/10/2022 19:53:48] /goto howakku
[30/10/2022 19:54:6] /m rat , howakku
