[22/8/2022 0:33:44] /c lunes
[22/8/2022 0:34:44] /r
[22/8/2022 0:35:4] /r
[22/8/2022 16:0:40] /town 21
[22/8/2022 16:0:46] /c wipo
[22/8/2022 16:0:58] /town 20
[22/8/2022 16:1:0] /c
[22/8/2022 16:1:2] /c wipo
[22/8/2022 16:1:45] /town 1
[22/8/2022 16:2:14] /c wipo
[22/8/2022 16:3:35] /town 2
[22/8/2022 16:3:47] /c wipo
[22/8/2022 16:3:56] /c wipo
[22/8/2022 16:4:8] /town 3
[22/8/2022 16:4:12] /c wipo
[22/8/2022 16:4:25] /town 4
[22/8/2022 16:4:27] /town 5
[22/8/2022 16:4:31] /c wipo
[22/8/2022 16:4:46] /c wipo
[22/8/2022 16:4:57] /town 6
[22/8/2022 16:5:42] /town 9
[22/8/2022 16:5:45] /c wipo
[22/8/2022 16:5:48] /c wipo
[22/8/2022 16:7:29] /c wipo
[22/8/2022 16:9:1] /goto wipo
[22/8/2022 16:9:5] /goto wipo
[22/8/2022 16:12:16] /town 3
[22/8/2022 16:12:18] /town 3
[22/8/2022 16:15:33] /save
[22/8/2022 16:15:38] /shutdown
[22/8/2022 16:19:6] /town 3
[22/8/2022 16:19:28] /town 4
[22/8/2022 16:19:31] /town 8
[22/8/2022 16:19:42] /town 9
[22/8/2022 16:20:48] /town
[22/8/2022 16:21:42] /save
[22/8/2022 16:21:47] /shutdown
